2025-11-30 19:32:35,328 - INFO - 
======================================================================
2025-11-30 19:32:35,330 - INFO - 📋 BACKUPS DISPONÍVEIS
2025-11-30 19:32:35,330 - INFO - ======================================================================
2025-11-30 19:32:35,335 - INFO - Nenhum backup encontrado.
2025-11-30 19:32:42,059 - INFO - 
======================================================================
2025-11-30 19:32:42,059 - INFO - 📋 BACKUPS DISPONÍVEIS
2025-11-30 19:32:42,062 - INFO - ======================================================================
2025-11-30 19:32:42,086 - INFO - Nenhum backup encontrado.
2025-11-30 19:32:46,233 - INFO - ======================================================================
2025-11-30 19:32:46,239 - INFO - 🔐 INICIANDO BACKUP AUTOMÁTICO
2025-11-30 19:32:46,239 - INFO - ======================================================================
2025-11-30 19:32:46,241 - INFO - 📅 Data/Hora: 30/11/2025 19:32:46
2025-11-30 19:32:46,249 - INFO - 📂 Destino: C:\Users\kleiv\Music\App - Simplifica Finanças\backups
2025-11-30 19:32:46,249 - INFO - 
2025-11-30 19:32:46,251 - INFO - 📊 Iniciando backup do banco de dados...
2025-11-30 19:32:47,808 - INFO -    ✓ Banco exportado: 10.68 KB
2025-11-30 19:32:47,814 - INFO - 📁 Iniciando backup de arquivos...
2025-11-30 19:32:48,808 - WARNING -    ⚠ Item não encontrado: static
2025-11-30 19:32:48,953 - INFO -    ✓ 6 itens copiados
2025-11-30 19:32:48,956 - INFO - 📦 Compactando backup...
2025-11-30 19:32:50,353 - INFO -    ✓ Arquivo criado: backup_20251130_193246.zip
2025-11-30 19:32:50,359 - INFO - 🧹 Limpando backups antigos...
2025-11-30 19:32:50,400 - INFO -    ✓ Backups mantidos: 1
2025-11-30 19:32:50,439 - INFO - 
2025-11-30 19:32:50,459 - INFO - ======================================================================
2025-11-30 19:32:50,467 - INFO - ✅ BACKUP CONCLUÍDO COM SUCESSO!
2025-11-30 19:32:50,470 - INFO - ======================================================================
2025-11-30 19:32:50,560 - INFO - 📦 Arquivo: backup_20251130_193246.zip
2025-11-30 19:32:50,577 - INFO - 💾 Tamanho: 46.24 KB
2025-11-30 19:32:50,607 - INFO - 
2025-11-30 19:33:26,401 - INFO - ======================================================================
2025-11-30 19:33:26,402 - INFO - 🔐 INICIANDO BACKUP AUTOMÁTICO
2025-11-30 19:33:26,402 - INFO - ======================================================================
2025-11-30 19:33:26,404 - INFO - 📅 Data/Hora: 30/11/2025 19:33:26
2025-11-30 19:33:26,406 - INFO - 📂 Destino: C:\Users\kleiv\Music\App - Simplifica Finanças\backups
2025-11-30 19:33:26,406 - INFO - 
2025-11-30 19:33:26,409 - INFO - 📊 Iniciando backup do banco de dados...
2025-11-30 19:33:26,776 - INFO -    ✓ Banco exportado: 10.68 KB
2025-11-30 19:33:26,778 - INFO - 📁 Iniciando backup de arquivos...
2025-11-30 19:33:26,844 - WARNING -    ⚠ Item não encontrado: static
2025-11-30 19:33:26,910 - INFO -    ✓ 6 itens copiados
2025-11-30 19:33:26,916 - INFO - 📦 Compactando backup...
2025-11-30 19:33:27,775 - INFO -    ✓ Arquivo criado: backup_20251130_193326.zip
2025-11-30 19:33:27,779 - INFO - 🧹 Limpando backups antigos...
2025-11-30 19:33:27,783 - INFO -    ✓ Backups mantidos: 2
2025-11-30 19:33:27,869 - INFO - 
2025-11-30 19:33:27,875 - INFO - ======================================================================
2025-11-30 19:33:27,880 - INFO - ✅ BACKUP CONCLUÍDO COM SUCESSO!
2025-11-30 19:33:27,882 - INFO - ======================================================================
2025-11-30 19:33:27,883 - INFO - 📦 Arquivo: backup_20251130_193326.zip
2025-11-30 19:33:27,883 - INFO - 💾 Tamanho: 46.24 KB
2025-11-30 19:33:27,917 - INFO - 
2025-11-30 19:42:14,066 - INFO - 
======================================================================
2025-11-30 19:42:14,067 - INFO - 📋 BACKUPS DISPONÍVEIS
2025-11-30 19:42:14,076 - INFO - ======================================================================
2025-11-30 19:42:14,078 - INFO - 1. backup_20251130_193326.zip
2025-11-30 19:42:14,091 - INFO -    📅 Data: 30/11/2025 19:33:27
2025-11-30 19:42:14,093 - INFO -    💾 Tamanho: 46.24 KB
2025-11-30 19:42:14,099 - INFO - 
2025-11-30 19:42:14,101 - INFO - 2. backup_20251130_193246.zip
2025-11-30 19:42:14,103 - INFO -    📅 Data: 30/11/2025 19:32:50
2025-11-30 19:42:14,103 - INFO -    💾 Tamanho: 46.24 KB
2025-11-30 19:42:14,105 - INFO - 
2025-11-30 19:42:14,105 - INFO - Total: 2 backup(s) | 92.47 KB
2025-11-30 19:42:14,111 - INFO - ======================================================================

2025-11-30 19:42:29,058 - INFO - 🧹 Limpando backups antigos...
2025-11-30 19:42:29,061 - INFO -    ✓ Backups mantidos: 2
2025-11-30 19:42:31,743 - INFO - 
======================================================================
2025-11-30 19:42:31,744 - INFO - 📋 BACKUPS DISPONÍVEIS
2025-11-30 19:42:31,744 - INFO - ======================================================================
2025-11-30 19:42:31,746 - INFO - 1. backup_20251130_193326.zip
2025-11-30 19:42:31,780 - INFO -    📅 Data: 30/11/2025 19:33:27
2025-11-30 19:42:31,784 - INFO -    💾 Tamanho: 46.24 KB
2025-11-30 19:42:31,784 - INFO - 
2025-11-30 19:42:31,786 - INFO - 2. backup_20251130_193246.zip
2025-11-30 19:42:31,789 - INFO -    📅 Data: 30/11/2025 19:32:50
2025-11-30 19:42:31,789 - INFO -    💾 Tamanho: 46.24 KB
2025-11-30 19:42:31,799 - INFO - 
2025-11-30 19:42:31,799 - INFO - Total: 2 backup(s) | 92.47 KB
2025-11-30 19:42:31,801 - INFO - ======================================================================

2025-11-30 19:44:28,555 - INFO - 🧹 Limpando backups antigos...
2025-11-30 19:44:28,568 - INFO -    ✓ Backups mantidos: 2
2025-11-30 19:44:50,306 - INFO - 
======================================================================
2025-11-30 19:44:50,306 - INFO - 📋 BACKUPS DISPONÍVEIS
2025-11-30 19:44:50,306 - INFO - ======================================================================
2025-11-30 19:44:50,311 - INFO - 1. backup_20251130_193326.zip
2025-11-30 19:44:50,311 - INFO -    📅 Data: 30/11/2025 19:33:27
2025-11-30 19:44:50,315 - INFO -    💾 Tamanho: 46.24 KB
2025-11-30 19:44:50,351 - INFO - 
2025-11-30 19:44:50,353 - INFO - 2. backup_20251130_193246.zip
2025-11-30 19:44:50,353 - INFO -    📅 Data: 30/11/2025 19:32:50
2025-11-30 19:44:50,354 - INFO -    💾 Tamanho: 46.24 KB
2025-11-30 19:44:50,355 - INFO - 
2025-11-30 19:44:50,363 - INFO - Total: 2 backup(s) | 92.47 KB
2025-11-30 19:44:50,363 - INFO - ======================================================================

2025-11-30 19:45:00,754 - INFO - ======================================================================
2025-11-30 19:45:00,754 - INFO - 🔄 RESTAURANDO BACKUP
2025-11-30 19:45:00,754 - INFO - ======================================================================
2025-11-30 19:45:00,754 - ERROR - ❌ Backup não encontrado: nao
2025-11-30 19:45:45,545 - INFO - ======================================================================
2025-11-30 19:45:45,545 - INFO - 🔐 INICIANDO BACKUP AUTOMÁTICO
2025-11-30 19:45:45,547 - INFO - ======================================================================
2025-11-30 19:45:45,547 - INFO - 📅 Data/Hora: 30/11/2025 19:45:45
2025-11-30 19:45:45,549 - INFO - 📂 Destino: C:\Users\kleiv\Music\App - Simplifica Finanças\backups
2025-11-30 19:45:45,550 - INFO - 
2025-11-30 19:45:45,551 - INFO - 📊 Iniciando backup do banco de dados...
2025-11-30 19:45:46,138 - INFO -    ✓ Banco exportado: 10.68 KB
2025-11-30 19:45:46,155 - INFO - 📁 Iniciando backup de arquivos...
2025-11-30 19:45:46,251 - WARNING -    ⚠ Item não encontrado: static
2025-11-30 19:45:46,283 - INFO -    ✓ 6 itens copiados
2025-11-30 19:45:46,285 - INFO - 📦 Compactando backup...
2025-11-30 19:45:47,536 - INFO -    ✓ Arquivo criado: backup_20251130_194545.zip
2025-11-30 19:45:47,546 - INFO - 🧹 Limpando backups antigos...
2025-11-30 19:45:47,552 - INFO -    ✓ Backups mantidos: 1
2025-11-30 19:45:47,645 - INFO - 
2025-11-30 19:45:47,655 - INFO - ======================================================================
2025-11-30 19:45:47,658 - INFO - ✅ BACKUP CONCLUÍDO COM SUCESSO!
2025-11-30 19:45:47,662 - INFO - ======================================================================
2025-11-30 19:45:47,662 - INFO - 📦 Arquivo: backup_20251130_194545.zip
2025-11-30 19:45:47,664 - INFO - 💾 Tamanho: 46.30 KB
2025-11-30 19:45:47,669 - INFO - 
2025-11-30 20:00:24,880 - INFO - ======================================================================
2025-11-30 20:00:24,940 - INFO - 🔐 INICIANDO BACKUP AUTOMÁTICO
2025-11-30 20:00:25,001 - INFO - ======================================================================
2025-11-30 20:00:25,069 - INFO - 📅 Data/Hora: 30/11/2025 20:00:25
2025-11-30 20:00:25,123 - INFO - 📂 Destino: C:\Users\kleiv\Music\App - Simplifica Finanças\backups
2025-11-30 20:00:25,203 - INFO - 
2025-11-30 20:00:25,255 - INFO - 📊 Iniciando backup do banco de dados...
2025-11-30 20:00:26,906 - INFO -    ✓ Banco exportado: 10.68 KB
2025-11-30 20:00:26,949 - INFO - 📁 Iniciando backup de arquivos...
2025-11-30 20:00:27,035 - WARNING -    ⚠ Item não encontrado: static
2025-11-30 20:00:27,073 - INFO -    ✓ 6 itens copiados
2025-11-30 20:00:27,105 - INFO - 📦 Compactando backup...
2025-11-30 20:00:29,048 - INFO -    ✓ Arquivo criado: backup_20251130_200024.zip
2025-11-30 20:00:29,080 - INFO - 🧹 Limpando backups antigos...
2025-11-30 20:00:29,084 - INFO -    ✓ Backups mantidos: 2
2025-11-30 20:00:29,132 - INFO - 
2025-11-30 20:00:29,144 - INFO - ======================================================================
2025-11-30 20:00:29,146 - INFO - ✅ BACKUP CONCLUÍDO COM SUCESSO!
2025-11-30 20:00:29,187 - INFO - ======================================================================
2025-11-30 20:00:29,230 - INFO - 📦 Arquivo: backup_20251130_200024.zip
2025-11-30 20:00:29,236 - INFO - 💾 Tamanho: 46.30 KB
2025-11-30 20:00:29,247 - INFO - 
2025-11-30 20:14:03,679 - INFO - ======================================================================
2025-11-30 20:14:03,682 - INFO - 🔐 INICIANDO BACKUP AUTOMÁTICO
2025-11-30 20:14:03,682 - INFO - ======================================================================
2025-11-30 20:14:03,682 - INFO - 📅 Data/Hora: 30/11/2025 20:14:03
2025-11-30 20:14:03,682 - INFO - 📂 Destino: C:\Users\kleiv\Music\App - Simplifica Finanças\backups
2025-11-30 20:14:03,685 - INFO - 
2025-11-30 20:14:03,685 - INFO - 📊 Iniciando backup do banco de dados...
2025-11-30 20:14:04,275 - INFO -    ✓ Banco exportado: 10.68 KB
2025-11-30 20:14:04,275 - INFO - 📁 Iniciando backup de arquivos...
2025-11-30 20:14:10,480 - WARNING -    ⚠ Item não encontrado: static
2025-11-30 20:14:10,713 - INFO -    ✓ 6 itens copiados
2025-11-30 20:14:10,715 - INFO - 📦 Compactando backup...
2025-11-30 20:14:12,146 - INFO -    ✓ Arquivo criado: backup_20251130_201403.zip
2025-11-30 20:14:12,147 - INFO - 🧹 Limpando backups antigos...
2025-11-30 20:14:12,164 - INFO -    ✓ Backups mantidos: 3
2025-11-30 20:14:12,463 - INFO - 
2025-11-30 20:14:12,465 - INFO - ======================================================================
2025-11-30 20:14:12,465 - INFO - ✅ BACKUP CONCLUÍDO COM SUCESSO!
2025-11-30 20:14:12,465 - INFO - ======================================================================
2025-11-30 20:14:12,465 - INFO - 📦 Arquivo: backup_20251130_201403.zip
2025-11-30 20:14:12,467 - INFO - 💾 Tamanho: 46.30 KB
2025-11-30 20:14:12,467 - INFO - 
